<?xml version="1.0" encoding="UTF-8"?>
<!-- Generated by org.testng.reporters.JUnitXMLReporter -->
<testsuite ignored="1" hostname="Harishyam" failures="0" tests="5" name="Default test" time="55.352" errors="0" timestamp="2024-12-17T04:33:44 IST">
  <testcase classname="com.ui.test.testHeroku.AddRemoveEle" name="openAddRemoveLink" time="0.806"/>
  <testcase classname="com.ui.test.testHeroku.AddRemoveEle" name="verifyAddElement" time="0.317"/>
  <testcase classname="com.ui.test.testHeroku.AddRemoveEle" name="verifyRemoveElement" time="0.513"/>
  <testcase classname="com.ui.test.testHeroku.AddRemoveEle" name="verifyMultipleAddElement" time="1.085"/>
  <testcase classname="com.ui.test.testHeroku.AddRemoveEle" name="verifyRemoveAllElements" time="0.244"/>
  <testcase classname="com.ui.test.testHeroku.AddRemoveEle" name="openApp" time="0.0">
    <ignored/>
  </testcase> <!-- openApp -->
</testsuite> <!-- Default test -->
