<?xml version="1.0" encoding="UTF-8"?>
<!-- Generated by org.testng.reporters.JUnitXMLReporter -->
<testsuite ignored="0" hostname="Harishyam" failures="0" tests="4" name="Default test" time="71.634" errors="0" timestamp="2024-12-16T03:45:18 IST">
  <testcase classname="com.ui.test.testHeroku.DownloadFile" name="openApp" time="5.513"/>
  <testcase classname="com.ui.test.testHeroku.DownloadFile" name="openExitIntentPage" time="1.499"/>
  <testcase classname="com.ui.test.testHeroku.DownloadFile" name="downloadFile" time="1.009"/>
  <testcase classname="com.ui.test.testHeroku.DownloadFile" name="downloadAllFile" time="21.606"/>
</testsuite> <!-- Default test -->
