<?xml version="1.0" encoding="UTF-8"?>
<testng-results ignored="0" total="4" passed="4" failed="0" skipped="0">
  <reporter-output>
  </reporter-output>
  <suite started-at="2024-12-16T03:44:06 IST" name="Default suite" finished-at="2024-12-16T03:45:18 IST" duration-ms="71634">
    <groups>
    </groups>
    <test started-at="2024-12-16T03:44:06 IST" name="Default test" finished-at="2024-12-16T03:45:18 IST" duration-ms="71634">
      <class name="com.ui.test.testHeroku.DownloadFile">
        <test-method is-config="true" signature="config(java.lang.String,java.lang.String)[pri:0, instance:com.ui.test.testHeroku.DownloadFile@6574a52c]" started-at="2024-12-16T03:44:06 IST" name="config" finished-at="2024-12-16T03:44:06 IST" duration-ms="16" status="PASS">
          <params>
            <param index="0">
              <value>
                <![CDATA[Optional name Automation]]>
              </value>
            </param>
            <param index="1">
              <value>
                <![CDATA[Optional Report]]>
              </value>
            </param>
          </params>
          <reporter-output>
          </reporter-output>
        </test-method> <!-- config -->
        <test-method is-config="true" signature="beforeTest()[pri:0, instance:com.ui.test.testHeroku.DownloadFile@6574a52c]" started-at="2024-12-16T03:44:06 IST" name="beforeTest" finished-at="2024-12-16T03:44:07 IST" duration-ms="1181" status="PASS">
          <reporter-output>
          </reporter-output>
        </test-method> <!-- beforeTest -->
        <test-method is-config="true" signature="beforeMethod()[pri:0, instance:com.ui.test.testHeroku.DownloadFile@6574a52c]" started-at="2024-12-16T03:44:07 IST" name="beforeMethod" finished-at="2024-12-16T03:44:07 IST" duration-ms="0" status="PASS">
          <reporter-output>
          </reporter-output>
        </test-method> <!-- beforeMethod -->
        <test-method signature="openApp()[pri:1, instance:com.ui.test.testHeroku.DownloadFile@6574a52c]" started-at="2024-12-16T03:44:07 IST" name="openApp" description="Open App" finished-at="2024-12-16T03:44:13 IST" duration-ms="5513" status="PASS">
          <reporter-output>
          </reporter-output>
        </test-method> <!-- openApp -->
        <test-method is-config="true" signature="afterMethod(org.testng.ITestResult)[pri:0, instance:com.ui.test.testHeroku.DownloadFile@6574a52c]" started-at="2024-12-16T03:44:13 IST" name="afterMethod" finished-at="2024-12-16T03:44:23 IST" duration-ms="10154" status="PASS">
          <params>
            <param index="0">
              <value>
                <![CDATA[[TestResult name=openApp status=SUCCESS method=DownloadFile.openApp()[pri:1, instance:com.ui.test.testHeroku.DownloadFile@6574a52c] output={null}]]]>
              </value>
            </param>
          </params>
          <reporter-output>
          </reporter-output>
        </test-method> <!-- afterMethod -->
        <test-method signature="openExitIntentPage()[pri:2, instance:com.ui.test.testHeroku.DownloadFile@6574a52c]" started-at="2024-12-16T03:44:23 IST" name="openExitIntentPage" description="Open Download File page" finished-at="2024-12-16T03:44:25 IST" duration-ms="1499" status="PASS">
          <reporter-output>
          </reporter-output>
        </test-method> <!-- openExitIntentPage -->
        <test-method is-config="true" signature="beforeMethod()[pri:0, instance:com.ui.test.testHeroku.DownloadFile@6574a52c]" started-at="2024-12-16T03:44:23 IST" name="beforeMethod" finished-at="2024-12-16T03:44:23 IST" duration-ms="0" status="PASS">
          <reporter-output>
          </reporter-output>
        </test-method> <!-- beforeMethod -->
        <test-method is-config="true" signature="afterMethod(org.testng.ITestResult)[pri:0, instance:com.ui.test.testHeroku.DownloadFile@6574a52c]" started-at="2024-12-16T03:44:25 IST" name="afterMethod" finished-at="2024-12-16T03:44:35 IST" duration-ms="10151" status="PASS">
          <params>
            <param index="0">
              <value>
                <![CDATA[[TestResult name=openExitIntentPage status=SUCCESS method=DownloadFile.openExitIntentPage()[pri:2, instance:com.ui.test.testHeroku.DownloadFile@6574a52c] output={null}]]]>
              </value>
            </param>
          </params>
          <reporter-output>
          </reporter-output>
        </test-method> <!-- afterMethod -->
        <test-method signature="downloadFile()[pri:3, instance:com.ui.test.testHeroku.DownloadFile@6574a52c]" started-at="2024-12-16T03:44:35 IST" name="downloadFile" description="Download a file from the page" finished-at="2024-12-16T03:44:36 IST" duration-ms="1009" status="PASS">
          <reporter-output>
          </reporter-output>
        </test-method> <!-- downloadFile -->
        <test-method is-config="true" signature="beforeMethod()[pri:0, instance:com.ui.test.testHeroku.DownloadFile@6574a52c]" started-at="2024-12-16T03:44:35 IST" name="beforeMethod" finished-at="2024-12-16T03:44:35 IST" duration-ms="0" status="PASS">
          <reporter-output>
          </reporter-output>
        </test-method> <!-- beforeMethod -->
        <test-method is-config="true" signature="afterMethod(org.testng.ITestResult)[pri:0, instance:com.ui.test.testHeroku.DownloadFile@6574a52c]" started-at="2024-12-16T03:44:36 IST" name="afterMethod" finished-at="2024-12-16T03:44:46 IST" duration-ms="10128" status="PASS">
          <params>
            <param index="0">
              <value>
                <![CDATA[[TestResult name=downloadFile status=SUCCESS method=DownloadFile.downloadFile()[pri:3, instance:com.ui.test.testHeroku.DownloadFile@6574a52c] output={null}]]]>
              </value>
            </param>
          </params>
          <reporter-output>
          </reporter-output>
        </test-method> <!-- afterMethod -->
        <test-method signature="downloadAllFile()[pri:4, instance:com.ui.test.testHeroku.DownloadFile@6574a52c]" started-at="2024-12-16T03:44:46 IST" name="downloadAllFile" description="Download all file from the page" finished-at="2024-12-16T03:45:08 IST" duration-ms="21606" status="PASS">
          <reporter-output>
          </reporter-output>
        </test-method> <!-- downloadAllFile -->
        <test-method is-config="true" signature="beforeMethod()[pri:0, instance:com.ui.test.testHeroku.DownloadFile@6574a52c]" started-at="2024-12-16T03:44:46 IST" name="beforeMethod" finished-at="2024-12-16T03:44:46 IST" duration-ms="0" status="PASS">
          <reporter-output>
          </reporter-output>
        </test-method> <!-- beforeMethod -->
        <test-method is-config="true" signature="afterMethod(org.testng.ITestResult)[pri:0, instance:com.ui.test.testHeroku.DownloadFile@6574a52c]" started-at="2024-12-16T03:45:08 IST" name="afterMethod" finished-at="2024-12-16T03:45:18 IST" duration-ms="10133" status="PASS">
          <params>
            <param index="0">
              <value>
                <![CDATA[[TestResult name=downloadAllFile status=SUCCESS method=DownloadFile.downloadAllFile()[pri:4, instance:com.ui.test.testHeroku.DownloadFile@6574a52c] output={null}]]]>
              </value>
            </param>
          </params>
          <reporter-output>
          </reporter-output>
        </test-method> <!-- afterMethod -->
        <test-method is-config="true" signature="afterTest()[pri:0, instance:com.ui.test.testHeroku.DownloadFile@6574a52c]" started-at="2024-12-16T03:45:18 IST" name="afterTest" finished-at="2024-12-16T03:45:18 IST" duration-ms="221" status="PASS">
          <reporter-output>
          </reporter-output>
        </test-method> <!-- afterTest -->
      </class> <!-- com.ui.test.testHeroku.DownloadFile -->
    </test> <!-- Default test -->
  </suite> <!-- Default suite -->
</testng-results>
